<?xml version="1.0" encoding="UTF-8"?>
<testsuite name="com.refactoring.ilgusi.study.domain.member.MemoryMemberRepositoryTest" tests="1" skipped="0" failures="0" errors="0" timestamp="2025-04-10T06:37:57" hostname="SHLIM" time="0.053">
  <properties/>
  <testcase name="findByName()" classname="com.refactoring.ilgusi.study.domain.member.MemoryMemberRepositoryTest" time="0.053"/>
  <system-out><![CDATA[]]></system-out>
  <system-err><![CDATA[]]></system-err>
</testsuite>
